TN:
SF:src\App.tsx
FN:29,(anonymous_0)
FN:36,(anonymous_1)
FN:47,(anonymous_2)
FN:57,(anonymous_3)
FNF:4
FNH:3
FNDA:2,(anonymous_0)
FNDA:0,(anonymous_1)
FNDA:1,(anonymous_2)
FNDA:3,(anonymous_3)
DA:1,1
DA:2,1
DA:3,1
DA:4,1
DA:30,2
DA:31,2
DA:36,2
DA:37,0
DA:38,0
DA:39,0
DA:41,0
DA:47,2
DA:48,1
DA:49,1
DA:50,1
DA:51,1
DA:58,3
DA:60,3
DA:75,1
LF:19
LH:15
BRDA:62,0,0,2
BRDA:62,0,1,1
BRF:2
BRH:2
end_of_record
TN:
SF:src\components\AsteroidDetails.tsx
FN:9,(anonymous_0)
FNF:1
FNH:1
FNDA:1,(anonymous_0)
DA:1,1
DA:2,1
DA:10,1
DA:12,1
DA:52,1
LF:5
LH:5
BRDA:29,0,0,0
BRDA:29,0,1,1
BRDA:36,1,0,0
BRDA:36,1,1,1
BRF:4
BRH:2
end_of_record
TN:
SF:src\components\AsteroidForm.tsx
FN:14,(anonymous_0)
FN:21,(anonymous_1)
FN:26,(anonymous_2)
FN:45,(anonymous_3)
FNF:4
FNH:2
FNDA:2,(anonymous_0)
FNDA:0,(anonymous_1)
FNDA:2,(anonymous_2)
FNDA:0,(anonymous_3)
DA:1,1
DA:2,1
DA:15,2
DA:16,2
DA:21,2
DA:22,0
DA:23,0
DA:27,2
DA:28,2
DA:30,2
DA:45,0
DA:73,1
LF:12
LH:9
BRF:0
BRH:0
end_of_record
TN:
SF:src\services\asteroidService.ts
FN:7,(anonymous_0)
FN:21,(anonymous_1)
FNF:2
FNH:0
FNDA:0,(anonymous_0)
FNDA:0,(anonymous_1)
DA:2,1
DA:4,1
DA:5,1
DA:7,1
DA:8,0
DA:10,0
DA:11,0
DA:12,0
DA:14,0
DA:16,0
DA:17,0
DA:21,1
DA:22,0
DA:23,0
DA:24,0
DA:26,0
DA:29,0
DA:31,0
DA:32,0
LF:19
LH:5
BRF:0
BRH:0
end_of_record
